<?xml version="1.0" encoding="UTF-8"?>
<!-- Generated by org.testng.reporters.JUnitXMLReporter -->
<testsuite ignored="0" hostname="DESKTOP-MSCIP15" failures="0" tests="5" name="Default test" time="35.368" errors="0" timestamp="2025-07-21T13:36:02 GMT-07:00">
  <testcase classname="tests.AddContactTests" name="testAddContactScenarios" time="4.971"/>
  <testcase classname="tests.AddContactTests" name="testAddContactScenarios" time="3.872"/>
  <testcase classname="tests.AddContactTests" name="testAddContactScenarios" time="4.013"/>
  <testcase classname="tests.AddContactTests" name="testAddContactScenarios" time="4.006"/>
  <testcase classname="tests.AddContactTests" name="testAddContactScenarios" time="4.319"/>
</testsuite> <!-- Default test -->
